{"/home/eric/sd-07-project-react-testing-library/src/App.js": {"path":"/home/eric/sd-07-project-react-testing-library/src/App.js","statementMap":{"0":{"start":{"line":23,"column":31},"end":{"line":23,"column":55}},"1":{"start":{"line":24,"column":30},"end":{"line":27,"column":10}},"2":{"start":{"line":25,"column":6},"end":{"line":25,"column":64}},"3":{"start":{"line":26,"column":6},"end":{"line":26,"column":17}},"4":{"start":{"line":29,"column":4},"end":{"line":29,"column":29}},"5":{"start":{"line":33,"column":4},"end":{"line":33,"column":17}},"6":{"start":{"line":34,"column":4},"end":{"line":34,"column":75}},"7":{"start":{"line":38,"column":4},"end":{"line":38,"column":50}},"8":{"start":{"line":40,"column":4},"end":{"line":40,"column":79}},"9":{"start":{"line":44,"column":38},"end":{"line":44,"column":48}},"10":{"start":{"line":46,"column":4},"end":{"line":51,"column":6}},"11":{"start":{"line":55,"column":38},"end":{"line":55,"column":48}},"12":{"start":{"line":57,"column":4},"end":{"line":66,"column":6}},"13":{"start":{"line":63,"column":10},"end":{"line":63,"column":62}},"14":{"start":{"line":70,"column":38},"end":{"line":70,"column":48}},"15":{"start":{"line":71,"column":29},"end":{"line":71,"column":83}},"16":{"start":{"line":71,"column":57},"end":{"line":71,"column":82}},"17":{"start":{"line":73,"column":4},"end":{"line":91,"column":6}},"18":{"start":{"line":78,"column":34},"end":{"line":78,"column":59}},"19":{"start":{"line":82,"column":34},"end":{"line":82,"column":66}},"20":{"start":{"line":86,"column":25},"end":{"line":86,"column":75}},"21":{"start":{"line":95,"column":4},"end":{"line":105,"column":6}}},"fnMap":{"0":{"name":"(anonymous_0)","decl":{"start":{"line":22,"column":2},"end":{"line":22,"column":3}},"loc":{"start":{"line":22,"column":36},"end":{"line":30,"column":3}},"line":22},"1":{"name":"(anonymous_1)","decl":{"start":{"line":24,"column":46},"end":{"line":24,"column":47}},"loc":{"start":{"line":24,"column":64},"end":{"line":27,"column":5}},"line":24},"2":{"name":"(anonymous_2)","decl":{"start":{"line":32,"column":2},"end":{"line":32,"column":3}},"loc":{"start":{"line":32,"column":21},"end":{"line":35,"column":3}},"line":32},"3":{"name":"(anonymous_3)","decl":{"start":{"line":37,"column":2},"end":{"line":37,"column":3}},"loc":{"start":{"line":37,"column":50},"end":{"line":41,"column":3}},"line":37},"4":{"name":"(anonymous_4)","decl":{"start":{"line":43,"column":2},"end":{"line":43,"column":3}},"loc":{"start":{"line":43,"column":18},"end":{"line":52,"column":3}},"line":43},"5":{"name":"(anonymous_5)","decl":{"start":{"line":54,"column":2},"end":{"line":54,"column":3}},"loc":{"start":{"line":54,"column":30},"end":{"line":67,"column":3}},"line":54},"6":{"name":"(anonymous_6)","decl":{"start":{"line":62,"column":35},"end":{"line":62,"column":36}},"loc":{"start":{"line":63,"column":10},"end":{"line":63,"column":62}},"line":63},"7":{"name":"(anonymous_7)","decl":{"start":{"line":69,"column":2},"end":{"line":69,"column":3}},"loc":{"start":{"line":69,"column":17},"end":{"line":92,"column":3}},"line":69},"8":{"name":"(anonymous_8)","decl":{"start":{"line":71,"column":45},"end":{"line":71,"column":46}},"loc":{"start":{"line":71,"column":57},"end":{"line":71,"column":82}},"line":71},"9":{"name":"(anonymous_9)","decl":{"start":{"line":78,"column":19},"end":{"line":78,"column":20}},"loc":{"start":{"line":78,"column":34},"end":{"line":78,"column":59}},"line":78},"10":{"name":"(anonymous_10)","decl":{"start":{"line":82,"column":19},"end":{"line":82,"column":20}},"loc":{"start":{"line":82,"column":34},"end":{"line":82,"column":66}},"line":82},"11":{"name":"(anonymous_11)","decl":{"start":{"line":86,"column":19},"end":{"line":86,"column":20}},"loc":{"start":{"line":86,"column":25},"end":{"line":86,"column":75}},"line":86},"12":{"name":"(anonymous_12)","decl":{"start":{"line":94,"column":2},"end":{"line":94,"column":3}},"loc":{"start":{"line":94,"column":11},"end":{"line":106,"column":3}},"line":94}},"branchMap":{},"s":{"0":1,"1":1,"2":9,"3":9,"4":1,"5":1,"6":1,"7":0,"8":0,"9":1,"10":1,"11":0,"12":0,"13":0,"14":1,"15":1,"16":9,"17":1,"18":1,"19":0,"20":0,"21":1},"f":{"0":1,"1":9,"2":1,"3":0,"4":1,"5":0,"6":0,"7":1,"8":9,"9":1,"10":0,"11":0,"12":1},"b":{},"_coverageSchema":"43e27e138ebf9cfc5966b082cf9a028302ed4184","hash":"1b718ead4c2c16822ab65f3568c39a47886baf40"}
,"/home/eric/sd-07-project-react-testing-library/src/data.js": {"path":"/home/eric/sd-07-project-react-testing-library/src/data.js","statementMap":{"0":{"start":{"line":1,"column":17},"end":{"line":200,"column":1}}},"fnMap":{},"branchMap":{},"s":{"0":1},"f":{},"b":{},"_coverageSchema":"43e27e138ebf9cfc5966b082cf9a028302ed4184","hash":"52f894bcfe74306e9620cdc4279def9705e3b50b"}
,"/home/eric/sd-07-project-react-testing-library/src/components/About.js": {"path":"/home/eric/sd-07-project-react-testing-library/src/components/About.js","statementMap":{"0":{"start":{"line":4,"column":14},"end":{"line":20,"column":1}},"1":{"start":{"line":5,"column":2},"end":{"line":19,"column":12}}},"fnMap":{"0":{"name":"(anonymous_0)","decl":{"start":{"line":4,"column":14},"end":{"line":4,"column":15}},"loc":{"start":{"line":5,"column":2},"end":{"line":19,"column":12}},"line":5}},"branchMap":{},"s":{"0":2,"1":0},"f":{"0":0},"b":{},"_coverageSchema":"43e27e138ebf9cfc5966b082cf9a028302ed4184","hash":"4c4537f866d8bf0aaab7140733a6b6d0e1fece86"}
,"/home/eric/sd-07-project-react-testing-library/src/components/Button.js": {"path":"/home/eric/sd-07-project-react-testing-library/src/components/Button.js","statementMap":{"0":{"start":{"line":6,"column":15},"end":{"line":22,"column":1}},"1":{"start":{"line":13,"column":2},"end":{"line":21,"column":11}},"2":{"start":{"line":24,"column":0},"end":{"line":30,"column":2}},"3":{"start":{"line":32,"column":0},"end":{"line":37,"column":2}}},"fnMap":{"0":{"name":"(anonymous_0)","decl":{"start":{"line":6,"column":15},"end":{"line":6,"column":16}},"loc":{"start":{"line":13,"column":2},"end":{"line":21,"column":11}},"line":13}},"branchMap":{},"s":{"0":1,"1":9,"2":1,"3":1},"f":{"0":9},"b":{},"_coverageSchema":"43e27e138ebf9cfc5966b082cf9a028302ed4184","hash":"fd0224f85f90dc80f32c54c151cbc1301bbf583d"}
,"/home/eric/sd-07-project-react-testing-library/src/components/FavoritePokemons.js": {"path":"/home/eric/sd-07-project-react-testing-library/src/components/FavoritePokemons.js","statementMap":{"0":{"start":{"line":9,"column":13},"end":{"line":9,"column":14}},"1":{"start":{"line":13,"column":4},"end":{"line":17,"column":6}},"2":{"start":{"line":21,"column":4},"end":{"line":25,"column":6}},"3":{"start":{"line":29,"column":25},"end":{"line":29,"column":35}},"4":{"start":{"line":30,"column":38},"end":{"line":30,"column":54}},"5":{"start":{"line":32,"column":4},"end":{"line":36,"column":6}},"6":{"start":{"line":34,"column":35},"end":{"line":34,"column":65}},"7":{"start":{"line":40,"column":25},"end":{"line":40,"column":41}},"8":{"start":{"line":41,"column":25},"end":{"line":41,"column":35}},"9":{"start":{"line":42,"column":20},"end":{"line":42,"column":44}},"10":{"start":{"line":44,"column":4},"end":{"line":49,"column":6}},"11":{"start":{"line":53,"column":0},"end":{"line":55,"column":2}},"12":{"start":{"line":57,"column":0},"end":{"line":59,"column":2}}},"fnMap":{"0":{"name":"(anonymous_0)","decl":{"start":{"line":12,"column":2},"end":{"line":12,"column":3}},"loc":{"start":{"line":12,"column":20},"end":{"line":18,"column":3}},"line":12},"1":{"name":"(anonymous_1)","decl":{"start":{"line":20,"column":2},"end":{"line":20,"column":3}},"loc":{"start":{"line":20,"column":40},"end":{"line":26,"column":3}},"line":20},"2":{"name":"(anonymous_2)","decl":{"start":{"line":28,"column":2},"end":{"line":28,"column":3}},"loc":{"start":{"line":28,"column":27},"end":{"line":37,"column":3}},"line":28},"3":{"name":"(anonymous_3)","decl":{"start":{"line":34,"column":22},"end":{"line":34,"column":23}},"loc":{"start":{"line":34,"column":35},"end":{"line":34,"column":65}},"line":34},"4":{"name":"(anonymous_4)","decl":{"start":{"line":39,"column":2},"end":{"line":39,"column":3}},"loc":{"start":{"line":39,"column":11},"end":{"line":50,"column":3}},"line":39}},"branchMap":{"0":{"loc":{"start":{"line":47,"column":9},"end":{"line":47,"column":61}},"type":"cond-expr","locations":[{"start":{"line":47,"column":19},"end":{"line":47,"column":29}},{"start":{"line":47,"column":32},"end":{"line":47,"column":61}}],"line":47}},"s":{"0":1,"1":0,"2":0,"3":0,"4":0,"5":0,"6":0,"7":0,"8":0,"9":0,"10":0,"11":1,"12":1},"f":{"0":0,"1":0,"2":0,"3":0,"4":0},"b":{"0":[0,0]},"_coverageSchema":"43e27e138ebf9cfc5966b082cf9a028302ed4184","hash":"3f373916b0ca6fba41d6e18235642614fbc0ab19"}
,"/home/eric/sd-07-project-react-testing-library/src/components/NotFound.js": {"path":"/home/eric/sd-07-project-react-testing-library/src/components/NotFound.js","statementMap":{"0":{"start":{"line":4,"column":17},"end":{"line":16,"column":1}},"1":{"start":{"line":5,"column":2},"end":{"line":15,"column":8}}},"fnMap":{"0":{"name":"(anonymous_0)","decl":{"start":{"line":4,"column":17},"end":{"line":4,"column":18}},"loc":{"start":{"line":5,"column":2},"end":{"line":15,"column":8}},"line":5}},"branchMap":{},"s":{"0":1,"1":0},"f":{"0":0},"b":{},"_coverageSchema":"43e27e138ebf9cfc5966b082cf9a028302ed4184","hash":"7a87ec4e62e553e1a1ef824e672e103c675c3ac4"}
,"/home/eric/sd-07-project-react-testing-library/src/components/Pokedex.js": {"path":"/home/eric/sd-07-project-react-testing-library/src/components/Pokedex.js","statementMap":{"0":{"start":{"line":11,"column":4},"end":{"line":11,"column":17}},"1":{"start":{"line":12,"column":4},"end":{"line":12,"column":58}},"2":{"start":{"line":16,"column":4},"end":{"line":16,"column":53}},"3":{"start":{"line":20,"column":4},"end":{"line":22,"column":7}},"4":{"start":{"line":21,"column":6},"end":{"line":21,"column":67}},"5":{"start":{"line":26,"column":25},"end":{"line":26,"column":35}},"6":{"start":{"line":27,"column":29},"end":{"line":27,"column":39}},"7":{"start":{"line":29,"column":4},"end":{"line":32,"column":7}},"8":{"start":{"line":30,"column":6},"end":{"line":30,"column":46}},"9":{"start":{"line":30,"column":34},"end":{"line":30,"column":46}},"10":{"start":{"line":31,"column":6},"end":{"line":31,"column":43}},"11":{"start":{"line":36,"column":25},"end":{"line":36,"column":35}},"12":{"start":{"line":38,"column":4},"end":{"line":38,"column":84}},"13":{"start":{"line":38,"column":60},"end":{"line":38,"column":76}},"14":{"start":{"line":42,"column":25},"end":{"line":42,"column":49}},"15":{"start":{"line":44,"column":4},"end":{"line":63,"column":6}},"16":{"start":{"line":47,"column":26},"end":{"line":47,"column":52}},"17":{"start":{"line":53,"column":10},"end":{"line":60,"column":19}},"18":{"start":{"line":56,"column":28},"end":{"line":56,"column":53}},"19":{"start":{"line":67,"column":38},"end":{"line":67,"column":48}},"20":{"start":{"line":68,"column":29},"end":{"line":68,"column":57}},"21":{"start":{"line":69,"column":29},"end":{"line":69,"column":39}},"22":{"start":{"line":70,"column":20},"end":{"line":70,"column":50}},"23":{"start":{"line":72,"column":4},"end":{"line":89,"column":6}},"24":{"start":{"line":83,"column":26},"end":{"line":83,"column":67}},"25":{"start":{"line":93,"column":0},"end":{"line":96,"column":2}}},"fnMap":{"0":{"name":"(anonymous_0)","decl":{"start":{"line":10,"column":2},"end":{"line":10,"column":3}},"loc":{"start":{"line":10,"column":21},"end":{"line":13,"column":3}},"line":10},"1":{"name":"(anonymous_1)","decl":{"start":{"line":15,"column":2},"end":{"line":15,"column":3}},"loc":{"start":{"line":15,"column":31},"end":{"line":17,"column":3}},"line":15},"2":{"name":"(anonymous_2)","decl":{"start":{"line":19,"column":2},"end":{"line":19,"column":3}},"loc":{"start":{"line":19,"column":32},"end":{"line":23,"column":3}},"line":19},"3":{"name":"(anonymous_3)","decl":{"start":{"line":20,"column":18},"end":{"line":20,"column":19}},"loc":{"start":{"line":21,"column":6},"end":{"line":21,"column":67}},"line":21},"4":{"name":"(anonymous_4)","decl":{"start":{"line":25,"column":2},"end":{"line":25,"column":3}},"loc":{"start":{"line":25,"column":26},"end":{"line":33,"column":3}},"line":25},"5":{"name":"(anonymous_5)","decl":{"start":{"line":29,"column":27},"end":{"line":29,"column":28}},"loc":{"start":{"line":29,"column":40},"end":{"line":32,"column":5}},"line":29},"6":{"name":"(anonymous_6)","decl":{"start":{"line":35,"column":2},"end":{"line":35,"column":3}},"loc":{"start":{"line":35,"column":22},"end":{"line":39,"column":3}},"line":35},"7":{"name":"(anonymous_7)","decl":{"start":{"line":38,"column":39},"end":{"line":38,"column":40}},"loc":{"start":{"line":38,"column":60},"end":{"line":38,"column":76}},"line":38},"8":{"name":"(anonymous_8)","decl":{"start":{"line":41,"column":2},"end":{"line":41,"column":3}},"loc":{"start":{"line":41,"column":30},"end":{"line":64,"column":3}},"line":41},"9":{"name":"(anonymous_9)","decl":{"start":{"line":47,"column":20},"end":{"line":47,"column":21}},"loc":{"start":{"line":47,"column":26},"end":{"line":47,"column":52}},"line":47},"10":{"name":"(anonymous_10)","decl":{"start":{"line":52,"column":26},"end":{"line":52,"column":27}},"loc":{"start":{"line":53,"column":10},"end":{"line":60,"column":19}},"line":53},"11":{"name":"(anonymous_11)","decl":{"start":{"line":56,"column":22},"end":{"line":56,"column":23}},"loc":{"start":{"line":56,"column":28},"end":{"line":56,"column":53}},"line":56},"12":{"name":"(anonymous_12)","decl":{"start":{"line":66,"column":2},"end":{"line":66,"column":3}},"loc":{"start":{"line":66,"column":11},"end":{"line":90,"column":3}},"line":66},"13":{"name":"(anonymous_13)","decl":{"start":{"line":83,"column":20},"end":{"line":83,"column":21}},"loc":{"start":{"line":83,"column":26},"end":{"line":83,"column":67}},"line":83}},"branchMap":{"0":{"loc":{"start":{"line":30,"column":6},"end":{"line":30,"column":46}},"type":"if","locations":[{"start":{"line":30,"column":6},"end":{"line":30,"column":46}},{"start":{"line":30,"column":6},"end":{"line":30,"column":46}}],"line":30}},"s":{"0":1,"1":1,"2":0,"3":0,"4":0,"5":1,"6":1,"7":1,"8":9,"9":9,"10":0,"11":1,"12":1,"13":9,"14":1,"15":1,"16":0,"17":7,"18":0,"19":1,"20":1,"21":1,"22":1,"23":1,"24":0,"25":1},"f":{"0":1,"1":0,"2":0,"3":0,"4":1,"5":9,"6":1,"7":9,"8":1,"9":0,"10":7,"11":0,"12":1,"13":0},"b":{"0":[9,0]},"_coverageSchema":"43e27e138ebf9cfc5966b082cf9a028302ed4184","hash":"65613c161a14bfedc18fdf8a2e93c70415322857"}
,"/home/eric/sd-07-project-react-testing-library/src/components/Pokemon.js": {"path":"/home/eric/sd-07-project-react-testing-library/src/components/Pokemon.js","statementMap":{"0":{"start":{"line":9,"column":16},"end":{"line":33,"column":1}},"1":{"start":{"line":10,"column":51},"end":{"line":10,"column":58}},"2":{"start":{"line":11,"column":37},"end":{"line":11,"column":50}},"3":{"start":{"line":13,"column":2},"end":{"line":32,"column":4}},"4":{"start":{"line":35,"column":0},"end":{"line":39,"column":2}},"5":{"start":{"line":41,"column":0},"end":{"line":43,"column":2}}},"fnMap":{"0":{"name":"(anonymous_0)","decl":{"start":{"line":9,"column":16},"end":{"line":9,"column":17}},"loc":{"start":{"line":9,"column":62},"end":{"line":33,"column":1}},"line":9}},"branchMap":{"0":{"loc":{"start":{"line":21,"column":9},"end":{"line":21,"column":77}},"type":"binary-expr","locations":[{"start":{"line":21,"column":9},"end":{"line":21,"column":24}},{"start":{"line":21,"column":28},"end":{"line":21,"column":77}}],"line":21},"1":{"loc":{"start":{"line":24,"column":7},"end":{"line":30,"column":7}},"type":"binary-expr","locations":[{"start":{"line":24,"column":7},"end":{"line":24,"column":17}},{"start":{"line":25,"column":8},"end":{"line":29,"column":10}}],"line":24}},"s":{"0":1,"1":1,"2":1,"3":1,"4":1,"5":1},"f":{"0":1},"b":{"0":[1,1],"1":[1,0]},"_coverageSchema":"43e27e138ebf9cfc5966b082cf9a028302ed4184","hash":"a02083722c1667a8c8a8826da63bc6a4803e1e47"}
,"/home/eric/sd-07-project-react-testing-library/src/components/PokemonDetails.js": {"path":"/home/eric/sd-07-project-react-testing-library/src/components/PokemonDetails.js","statementMap":{"0":{"start":{"line":11,"column":4},"end":{"line":23,"column":6}},"1":{"start":{"line":16,"column":12},"end":{"line":19,"column":18}},"2":{"start":{"line":27,"column":4},"end":{"line":32,"column":6}},"3":{"start":{"line":36,"column":4},"end":{"line":36,"column":17}},"4":{"start":{"line":38,"column":4},"end":{"line":38,"column":67}},"5":{"start":{"line":42,"column":25},"end":{"line":42,"column":35}},"6":{"start":{"line":44,"column":4},"end":{"line":44,"column":53}},"7":{"start":{"line":44,"column":37},"end":{"line":44,"column":51}},"8":{"start":{"line":48,"column":41},"end":{"line":48,"column":51}},"9":{"start":{"line":50,"column":4},"end":{"line":64,"column":6}},"10":{"start":{"line":59,"column":43},"end":{"line":59,"column":87}},"11":{"start":{"line":68,"column":45},"end":{"line":68,"column":59}},"12":{"start":{"line":69,"column":36},"end":{"line":69,"column":40}},"13":{"start":{"line":73,"column":8},"end":{"line":73,"column":18}},"14":{"start":{"line":75,"column":20},"end":{"line":75,"column":54}},"15":{"start":{"line":76,"column":23},"end":{"line":76,"column":48}},"16":{"start":{"line":78,"column":4},"end":{"line":90,"column":6}},"17":{"start":{"line":94,"column":0},"end":{"line":103,"column":2}}},"fnMap":{"0":{"name":"(anonymous_0)","decl":{"start":{"line":10,"column":2},"end":{"line":10,"column":3}},"loc":{"start":{"line":10,"column":42},"end":{"line":24,"column":3}},"line":10},"1":{"name":"(anonymous_1)","decl":{"start":{"line":15,"column":23},"end":{"line":15,"column":24}},"loc":{"start":{"line":16,"column":12},"end":{"line":19,"column":18}},"line":16},"2":{"name":"(anonymous_2)","decl":{"start":{"line":26,"column":2},"end":{"line":26,"column":3}},"loc":{"start":{"line":26,"column":36},"end":{"line":33,"column":3}},"line":26},"3":{"name":"(anonymous_3)","decl":{"start":{"line":35,"column":2},"end":{"line":35,"column":3}},"loc":{"start":{"line":35,"column":21},"end":{"line":39,"column":3}},"line":35},"4":{"name":"(anonymous_4)","decl":{"start":{"line":41,"column":2},"end":{"line":41,"column":3}},"loc":{"start":{"line":41,"column":23},"end":{"line":45,"column":3}},"line":41},"5":{"name":"(anonymous_5)","decl":{"start":{"line":44,"column":25},"end":{"line":44,"column":26}},"loc":{"start":{"line":44,"column":37},"end":{"line":44,"column":51}},"line":44},"6":{"name":"(anonymous_6)","decl":{"start":{"line":47,"column":2},"end":{"line":47,"column":3}},"loc":{"start":{"line":47,"column":45},"end":{"line":65,"column":3}},"line":47},"7":{"name":"(anonymous_7)","decl":{"start":{"line":59,"column":14},"end":{"line":59,"column":15}},"loc":{"start":{"line":59,"column":43},"end":{"line":59,"column":87}},"line":59},"8":{"name":"(anonymous_8)","decl":{"start":{"line":67,"column":2},"end":{"line":67,"column":3}},"loc":{"start":{"line":67,"column":11},"end":{"line":91,"column":3}},"line":67}},"branchMap":{},"s":{"0":0,"1":0,"2":0,"3":0,"4":0,"5":0,"6":0,"7":0,"8":0,"9":0,"10":0,"11":0,"12":0,"13":0,"14":0,"15":0,"16":0,"17":1},"f":{"0":0,"1":0,"2":0,"3":0,"4":0,"5":0,"6":0,"7":0,"8":0},"b":{},"_coverageSchema":"43e27e138ebf9cfc5966b082cf9a028302ed4184","hash":"a86a504525886d3bf6511d72c437244207c59c80"}
,"/home/eric/sd-07-project-react-testing-library/src/components/index.js": {"path":"/home/eric/sd-07-project-react-testing-library/src/components/index.js","statementMap":{},"fnMap":{},"branchMap":{},"s":{},"f":{},"b":{},"_coverageSchema":"43e27e138ebf9cfc5966b082cf9a028302ed4184","hash":"98f3ab82e8175f0f72396f84629767675441e031"}
,"/home/eric/sd-07-project-react-testing-library/src/helpers/renderWithRouter.js": {"path":"/home/eric/sd-07-project-react-testing-library/src/helpers/renderWithRouter.js","statementMap":{"0":{"start":{"line":5,"column":19},"end":{"line":5,"column":39}},"1":{"start":{"line":7,"column":25},"end":{"line":10,"column":1}},"2":{"start":{"line":8,"column":18},"end":{"line":8,"column":39}},"3":{"start":{"line":9,"column":2},"end":{"line":9,"column":84}}},"fnMap":{"0":{"name":"(anonymous_0)","decl":{"start":{"line":7,"column":25},"end":{"line":7,"column":26}},"loc":{"start":{"line":7,"column":40},"end":{"line":10,"column":1}},"line":7}},"branchMap":{},"s":{"0":1,"1":1,"2":1,"3":1},"f":{"0":1},"b":{},"_coverageSchema":"43e27e138ebf9cfc5966b082cf9a028302ed4184","hash":"666f95060c3e983bedb78f80277e8d6a74f9e926"}
,"/home/eric/sd-07-project-react-testing-library/src/services/pokedexService.js": {"path":"/home/eric/sd-07-project-react-testing-library/src/services/pokedexService.js","statementMap":{"0":{"start":{"line":1,"column":38},"end":{"line":3,"column":1}},"1":{"start":{"line":2,"column":2},"end":{"line":2,"column":62}},"2":{"start":{"line":5,"column":29},"end":{"line":7,"column":1}},"3":{"start":{"line":6,"column":2},"end":{"line":6,"column":70}},"4":{"start":{"line":9,"column":30},"end":{"line":14,"column":1}},"5":{"start":{"line":10,"column":27},"end":{"line":10,"column":51}},"6":{"start":{"line":11,"column":30},"end":{"line":11,"column":62}},"7":{"start":{"line":13,"column":2},"end":{"line":13,"column":44}},"8":{"start":{"line":16,"column":35},"end":{"line":21,"column":1}},"9":{"start":{"line":17,"column":27},"end":{"line":17,"column":51}},"10":{"start":{"line":18,"column":30},"end":{"line":18,"column":79}},"11":{"start":{"line":18,"column":62},"end":{"line":18,"column":78}},"12":{"start":{"line":20,"column":2},"end":{"line":20,"column":44}},"13":{"start":{"line":23,"column":38},"end":{"line":25,"column":1}},"14":{"start":{"line":24,"column":2},"end":{"line":24,"column":87}}},"fnMap":{"0":{"name":"(anonymous_0)","decl":{"start":{"line":1,"column":38},"end":{"line":1,"column":39}},"loc":{"start":{"line":2,"column":2},"end":{"line":2,"column":62}},"line":2},"1":{"name":"(anonymous_1)","decl":{"start":{"line":5,"column":29},"end":{"line":5,"column":30}},"loc":{"start":{"line":6,"column":2},"end":{"line":6,"column":70}},"line":6},"2":{"name":"(anonymous_2)","decl":{"start":{"line":9,"column":30},"end":{"line":9,"column":31}},"loc":{"start":{"line":9,"column":45},"end":{"line":14,"column":1}},"line":9},"3":{"name":"(anonymous_3)","decl":{"start":{"line":16,"column":35},"end":{"line":16,"column":36}},"loc":{"start":{"line":16,"column":50},"end":{"line":21,"column":1}},"line":16},"4":{"name":"(anonymous_4)","decl":{"start":{"line":18,"column":54},"end":{"line":18,"column":55}},"loc":{"start":{"line":18,"column":62},"end":{"line":18,"column":78}},"line":18},"5":{"name":"(anonymous_5)","decl":{"start":{"line":23,"column":38},"end":{"line":23,"column":39}},"loc":{"start":{"line":24,"column":2},"end":{"line":24,"column":87}},"line":24}},"branchMap":{"0":{"loc":{"start":{"line":2,"column":2},"end":{"line":2,"column":62}},"type":"binary-expr","locations":[{"start":{"line":2,"column":2},"end":{"line":2,"column":56}},{"start":{"line":2,"column":60},"end":{"line":2,"column":62}}],"line":2},"1":{"loc":{"start":{"line":24,"column":2},"end":{"line":24,"column":87}},"type":"cond-expr","locations":[{"start":{"line":24,"column":15},"end":{"line":24,"column":47}},{"start":{"line":24,"column":50},"end":{"line":24,"column":87}}],"line":24}},"s":{"0":1,"1":1,"2":1,"3":0,"4":1,"5":0,"6":0,"7":0,"8":1,"9":0,"10":0,"11":0,"12":0,"13":1,"14":0},"f":{"0":1,"1":0,"2":0,"3":0,"4":0,"5":0},"b":{"0":[1,1],"1":[0,0]},"_coverageSchema":"43e27e138ebf9cfc5966b082cf9a028302ed4184","hash":"b2d7d955f37f91a3bbcc3b40ff3da97d2d917b3c"}
,"/home/eric/sd-07-project-react-testing-library/src/types/index.js": {"path":"/home/eric/sd-07-project-react-testing-library/src/types/index.js","statementMap":{"0":{"start":{"line":10,"column":41},"end":{"line":10,"column":55}},"1":{"start":{"line":12,"column":27},"end":{"line":27,"column":2}}},"fnMap":{},"branchMap":{},"s":{"0":1,"1":1},"f":{},"b":{},"_coverageSchema":"43e27e138ebf9cfc5966b082cf9a028302ed4184","hash":"473351419c677e60f1fd9484abcba439617ece92"}
}
